2025/04/07 21:07:37 [info] 66874: 监听80端口成功!
2025/04/07 21:07:37 [notice] 66875: master process ./QuickComm 66875 【master进程】启动并开始运行......!
2025/04/07 21:07:38 [notice] 66876: worker process 66876 [worker进程]启动并开始运行。。。
2025/04/07 21:07:38 [stderr] 66876: quickcomm: ------------------------------------begin--------------------------------------
2025/04/07 21:07:38 [stderr] 66876: quickcomm: 当前在线人数/总人数(1/2048)。
2025/04/07 21:07:38 [stderr] 66876: quickcomm: 连接池中空闲连接/总连接/要释放的连接(2046/2048/0)。
2025/04/07 21:07:38 [stderr] 66876: quickcomm: 当前时间队列大小(1)。
2025/04/07 21:07:38 [stderr] 66876: quickcomm: 当前收消息队列/发消息队列大小分别为(0/0)，丢弃的待发送数据包数量为0。
2025/04/07 21:07:38 [stderr] 66876: quickcomm: -------------------------------------end---------------------------------------
2025/04/07 21:07:49 [stderr] 66876: quickcomm: ------------------------------------begin--------------------------------------
2025/04/07 21:07:49 [stderr] 66876: quickcomm: 当前在线人数/总人数(1018/2048)。
2025/04/07 21:07:49 [stderr] 66876: quickcomm: 连接池中空闲连接/总连接/要释放的连接(323/2048/706)。
2025/04/07 21:07:49 [stderr] 66876: quickcomm: 当前时间队列大小(1018)。
2025/04/07 21:07:49 [stderr] 66876: quickcomm: 当前收消息队列/发消息队列大小分别为(0/0)，丢弃的待发送数据包数量为0。
2025/04/07 21:07:49 [stderr] 66876: quickcomm: -------------------------------------end---------------------------------------
2025/04/07 21:08:00 [stderr] 66876: quickcomm: ------------------------------------begin--------------------------------------
2025/04/07 21:08:00 [stderr] 66876: quickcomm: 当前在线人数/总人数(1018/2048)。
2025/04/07 21:08:00 [stderr] 66876: quickcomm: 连接池中空闲连接/总连接/要释放的连接(317/2048/712)。
2025/04/07 21:08:00 [stderr] 66876: quickcomm: 当前时间队列大小(1018)。
2025/04/07 21:08:00 [stderr] 66876: quickcomm: 当前收消息队列/发消息队列大小分别为(0/0)，丢弃的待发送数据包数量为0。
2025/04/07 21:08:00 [stderr] 66876: quickcomm: -------------------------------------end---------------------------------------
2025/04/07 21:08:11 [stderr] 66876: quickcomm: ------------------------------------begin--------------------------------------
2025/04/07 21:08:11 [stderr] 66876: quickcomm: 当前在线人数/总人数(1018/2048)。
2025/04/07 21:08:11 [stderr] 66876: quickcomm: 连接池中空闲连接/总连接/要释放的连接(317/2048/712)。
2025/04/07 21:08:11 [stderr] 66876: quickcomm: 当前时间队列大小(1018)。
2025/04/07 21:08:11 [stderr] 66876: quickcomm: 当前收消息队列/发消息队列大小分别为(0/0)，丢弃的待发送数据包数量为0。
2025/04/07 21:08:11 [stderr] 66876: quickcomm: -------------------------------------end---------------------------------------
2025/04/07 21:08:22 [stderr] 66876: quickcomm: ------------------------------------begin--------------------------------------
2025/04/07 21:08:22 [stderr] 66876: quickcomm: 当前在线人数/总人数(1018/2048)。
2025/04/07 21:08:22 [stderr] 66876: quickcomm: 连接池中空闲连接/总连接/要释放的连接(317/2048/712)。
2025/04/07 21:08:22 [stderr] 66876: quickcomm: 当前时间队列大小(1018)。
2025/04/07 21:08:22 [stderr] 66876: quickcomm: 当前收消息队列/发消息队列大小分别为(0/0)，丢弃的待发送数据包数量为0。
2025/04/07 21:08:22 [stderr] 66876: quickcomm: -------------------------------------end---------------------------------------
2025/04/07 21:08:33 [stderr] 66876: quickcomm: ------------------------------------begin--------------------------------------
2025/04/07 21:08:33 [stderr] 66876: quickcomm: 当前在线人数/总人数(1018/2048)。
2025/04/07 21:08:33 [stderr] 66876: quickcomm: 连接池中空闲连接/总连接/要释放的连接(317/2048/712)。
2025/04/07 21:08:33 [stderr] 66876: quickcomm: 当前时间队列大小(1018)。
2025/04/07 21:08:33 [stderr] 66876: quickcomm: 当前收消息队列/发消息队列大小分别为(0/0)，丢弃的待发送数据包数量为0。
2025/04/07 21:08:33 [stderr] 66876: quickcomm: -------------------------------------end---------------------------------------
2025/04/07 21:08:44 [stderr] 66876: quickcomm: ------------------------------------begin--------------------------------------
2025/04/07 21:08:44 [stderr] 66876: quickcomm: 当前在线人数/总人数(1018/2048)。
2025/04/07 21:08:44 [stderr] 66876: quickcomm: 连接池中空闲连接/总连接/要释放的连接(317/2048/712)。
2025/04/07 21:08:44 [stderr] 66876: quickcomm: 当前时间队列大小(1018)。
2025/04/07 21:08:44 [stderr] 66876: quickcomm: 当前收消息队列/发消息队列大小分别为(0/0)，丢弃的待发送数据包数量为0。
2025/04/07 21:08:44 [stderr] 66876: quickcomm: -------------------------------------end---------------------------------------
2025/04/07 21:08:54 [info] 67027: 监听80端口成功!
2025/04/07 21:08:54 [notice] 67028: master process ./QuickComm 67028 【master进程】启动并开始运行......!
2025/04/07 21:08:55 [stderr] 66876: quickcomm: ------------------------------------begin--------------------------------------
2025/04/07 21:08:55 [stderr] 66876: quickcomm: 当前在线人数/总人数(1018/2048)。
2025/04/07 21:08:55 [stderr] 66876: quickcomm: 连接池中空闲连接/总连接/要释放的连接(317/2048/712)。
2025/04/07 21:08:55 [stderr] 66876: quickcomm: 当前时间队列大小(1018)。
2025/04/07 21:08:55 [stderr] 66876: quickcomm: 当前收消息队列/发消息队列大小分别为(0/0)，丢弃的待发送数据包数量为0。
2025/04/07 21:08:55 [stderr] 66876: quickcomm: -------------------------------------end---------------------------------------
2025/04/07 21:08:55 [notice] 67029: worker process 67029 [worker进程]启动并开始运行。。。
2025/04/07 21:08:55 [stderr] 67029: quickcomm: ------------------------------------begin--------------------------------------
2025/04/07 21:08:55 [stderr] 67029: quickcomm: 当前在线人数/总人数(1/204800)。
2025/04/07 21:08:55 [stderr] 67029: quickcomm: 连接池中空闲连接/总连接/要释放的连接(204798/204800/0)。
2025/04/07 21:08:55 [stderr] 67029: quickcomm: 当前时间队列大小(1)。
2025/04/07 21:08:55 [stderr] 67029: quickcomm: 当前收消息队列/发消息队列大小分别为(0/0)，丢弃的待发送数据包数量为0。
2025/04/07 21:08:55 [stderr] 67029: quickcomm: -------------------------------------end---------------------------------------
2025/04/07 21:09:06 [stderr] 67029: quickcomm: ------------------------------------begin--------------------------------------
2025/04/07 21:09:06 [stderr] 67029: quickcomm: 当前在线人数/总人数(671/204800)。
2025/04/07 21:09:06 [stderr] 67029: quickcomm: 连接池中空闲连接/总连接/要释放的连接(204128/204800/0)。
2025/04/07 21:09:06 [stderr] 67029: quickcomm: 当前时间队列大小(671)。
2025/04/07 21:09:06 [stderr] 67029: quickcomm: 当前收消息队列/发消息队列大小分别为(0/0)，丢弃的待发送数据包数量为0。
2025/04/07 21:09:06 [stderr] 67029: quickcomm: -------------------------------------end---------------------------------------
2025/04/07 21:09:06 [stderr] 66876: quickcomm: ------------------------------------begin--------------------------------------
2025/04/07 21:09:06 [stderr] 66876: quickcomm: 当前在线人数/总人数(1018/2048)。
2025/04/07 21:09:06 [stderr] 66876: quickcomm: 连接池中空闲连接/总连接/要释放的连接(0/2769/1750)。
2025/04/07 21:09:06 [stderr] 66876: quickcomm: 当前时间队列大小(1018)。
2025/04/07 21:09:06 [stderr] 66876: quickcomm: 当前收消息队列/发消息队列大小分别为(0/0)，丢弃的待发送数据包数量为0。
2025/04/07 21:09:06 [stderr] 66876: quickcomm: -------------------------------------end---------------------------------------
2025/04/07 21:09:17 [stderr] 66876: quickcomm: ------------------------------------begin--------------------------------------
2025/04/07 21:09:17 [stderr] 66876: quickcomm: 当前在线人数/总人数(1018/2048)。
2025/04/07 21:09:17 [stderr] 66876: quickcomm: 连接池中空闲连接/总连接/要释放的连接(0/2880/1861)。
2025/04/07 21:09:17 [stderr] 66876: quickcomm: 当前时间队列大小(1018)。
2025/04/07 21:09:17 [stderr] 66876: quickcomm: 当前收消息队列/发消息队列大小分别为(0/0)，丢弃的待发送数据包数量为0。
2025/04/07 21:09:17 [stderr] 66876: quickcomm: -------------------------------------end---------------------------------------
2025/04/07 21:09:28 [stderr] 66876: quickcomm: ------------------------------------begin--------------------------------------
2025/04/07 21:09:28 [stderr] 66876: quickcomm: 当前在线人数/总人数(1018/2048)。
2025/04/07 21:09:28 [stderr] 66876: quickcomm: 连接池中空闲连接/总连接/要释放的连接(0/2901/1882)。
2025/04/07 21:09:28 [stderr] 66876: quickcomm: 当前时间队列大小(1018)。
2025/04/07 21:09:28 [stderr] 66876: quickcomm: 当前收消息队列/发消息队列大小分别为(0/0)，丢弃的待发送数据包数量为0。
2025/04/07 21:09:28 [stderr] 66876: quickcomm: -------------------------------------end---------------------------------------
2025/04/07 21:09:40 [info] 67205: 监听80端口成功!
2025/04/07 21:09:40 [notice] 67206: master process ./QuickComm 67206 【master进程】启动并开始运行......!
2025/04/07 21:09:41 [notice] 67207: worker process 67207 [worker进程]启动并开始运行。。。
2025/04/07 21:09:43 [stderr] 67207: quickcomm: ------------------------------------begin--------------------------------------
2025/04/07 21:09:43 [stderr] 67207: quickcomm: 当前在线人数/总人数(1/204800)。
2025/04/07 21:09:43 [stderr] 67207: quickcomm: 连接池中空闲连接/总连接/要释放的连接(204798/204800/0)。
2025/04/07 21:09:43 [stderr] 67207: quickcomm: 当前时间队列大小(1)。
2025/04/07 21:09:43 [stderr] 67207: quickcomm: 当前收消息队列/发消息队列大小分别为(0/0)，丢弃的待发送数据包数量为0。
2025/04/07 21:09:43 [stderr] 67207: quickcomm: -------------------------------------end---------------------------------------
2025/04/07 21:11:42 [stderr] 67207: quickcomm: ------------------------------------begin--------------------------------------
2025/04/07 21:11:42 [stderr] 67207: quickcomm: 当前在线人数/总人数(1/204800)。
2025/04/07 21:11:42 [stderr] 67207: quickcomm: 连接池中空闲连接/总连接/要释放的连接(204098/204800/700)。
2025/04/07 21:11:42 [stderr] 67207: quickcomm: 当前时间队列大小(1)。
2025/04/07 21:11:42 [stderr] 67207: quickcomm: 当前收消息队列/发消息队列大小分别为(0/0)，丢弃的待发送数据包数量为0。
2025/04/07 21:11:42 [stderr] 67207: quickcomm: -------------------------------------end---------------------------------------
2025/04/07 21:11:53 [stderr] 67207: quickcomm: ------------------------------------begin--------------------------------------
2025/04/07 21:11:53 [stderr] 67207: quickcomm: 当前在线人数/总人数(1018/204800)。
2025/04/07 21:11:53 [stderr] 67207: quickcomm: 连接池中空闲连接/总连接/要释放的连接(202755/204800/1026)。
2025/04/07 21:11:53 [stderr] 67207: quickcomm: 当前时间队列大小(1018)。
2025/04/07 21:11:53 [stderr] 67207: quickcomm: 当前收消息队列/发消息队列大小分别为(0/0)，丢弃的待发送数据包数量为0。
2025/04/07 21:11:53 [stderr] 67207: quickcomm: -------------------------------------end---------------------------------------
2025/04/07 21:12:04 [stderr] 67207: quickcomm: ------------------------------------begin--------------------------------------
2025/04/07 21:12:04 [stderr] 67207: quickcomm: 当前在线人数/总人数(1018/204800)。
2025/04/07 21:12:04 [stderr] 67207: quickcomm: 连接池中空闲连接/总连接/要释放的连接(202705/204800/1076)。
2025/04/07 21:12:04 [stderr] 67207: quickcomm: 当前时间队列大小(1018)。
2025/04/07 21:12:04 [stderr] 67207: quickcomm: 当前收消息队列/发消息队列大小分别为(0/0)，丢弃的待发送数据包数量为0。
2025/04/07 21:12:04 [stderr] 67207: quickcomm: -------------------------------------end---------------------------------------
2025/04/07 21:12:15 [stderr] 67207: quickcomm: ------------------------------------begin--------------------------------------
2025/04/07 21:12:15 [stderr] 67207: quickcomm: 当前在线人数/总人数(1018/204800)。
2025/04/07 21:12:15 [stderr] 67207: quickcomm: 连接池中空闲连接/总连接/要释放的连接(202705/204800/1076)。
2025/04/07 21:12:15 [stderr] 67207: quickcomm: 当前时间队列大小(1018)。
2025/04/07 21:12:15 [stderr] 67207: quickcomm: 当前收消息队列/发消息队列大小分别为(0/0)，丢弃的待发送数据包数量为0。
2025/04/07 21:12:15 [stderr] 67207: quickcomm: -------------------------------------end---------------------------------------
2025/04/07 21:12:26 [stderr] 67207: quickcomm: ------------------------------------begin--------------------------------------
2025/04/07 21:12:26 [stderr] 67207: quickcomm: 当前在线人数/总人数(1018/204800)。
2025/04/07 21:12:26 [stderr] 67207: quickcomm: 连接池中空闲连接/总连接/要释放的连接(202674/204800/1107)。
2025/04/07 21:12:26 [stderr] 67207: quickcomm: 当前时间队列大小(1018)。
2025/04/07 21:12:26 [stderr] 67207: quickcomm: 当前收消息队列/发消息队列大小分别为(0/0)，丢弃的待发送数据包数量为0。
2025/04/07 21:12:26 [stderr] 67207: quickcomm: -------------------------------------end---------------------------------------
2025/04/07 21:12:37 [stderr] 67207: quickcomm: ------------------------------------begin--------------------------------------
2025/04/07 21:12:37 [stderr] 67207: quickcomm: 当前在线人数/总人数(1018/204800)。
2025/04/07 21:12:37 [stderr] 67207: quickcomm: 连接池中空闲连接/总连接/要释放的连接(202670/204800/1111)。
2025/04/07 21:12:37 [stderr] 67207: quickcomm: 当前时间队列大小(1018)。
2025/04/07 21:12:37 [stderr] 67207: quickcomm: 当前收消息队列/发消息队列大小分别为(0/0)，丢弃的待发送数据包数量为0。
2025/04/07 21:12:37 [stderr] 67207: quickcomm: -------------------------------------end---------------------------------------
2025/04/07 21:12:48 [stderr] 67207: quickcomm: ------------------------------------begin--------------------------------------
2025/04/07 21:12:48 [stderr] 67207: quickcomm: 当前在线人数/总人数(1018/204800)。
2025/04/07 21:12:48 [stderr] 67207: quickcomm: 连接池中空闲连接/总连接/要释放的连接(202670/204800/1111)。
2025/04/07 21:12:48 [stderr] 67207: quickcomm: 当前时间队列大小(1018)。
2025/04/07 21:12:48 [stderr] 67207: quickcomm: 当前收消息队列/发消息队列大小分别为(0/0)，丢弃的待发送数据包数量为0。
2025/04/07 21:12:48 [stderr] 67207: quickcomm: -------------------------------------end---------------------------------------
2025/04/07 21:12:59 [stderr] 67207: quickcomm: ------------------------------------begin--------------------------------------
2025/04/07 21:12:59 [stderr] 67207: quickcomm: 当前在线人数/总人数(1018/204800)。
2025/04/07 21:12:59 [stderr] 67207: quickcomm: 连接池中空闲连接/总连接/要释放的连接(202670/204800/1111)。
2025/04/07 21:12:59 [stderr] 67207: quickcomm: 当前时间队列大小(1018)。
2025/04/07 21:12:59 [stderr] 67207: quickcomm: 当前收消息队列/发消息队列大小分别为(0/0)，丢弃的待发送数据包数量为0。
2025/04/07 21:12:59 [stderr] 67207: quickcomm: -------------------------------------end---------------------------------------
2025/04/07 21:13:10 [stderr] 67207: quickcomm: ------------------------------------begin--------------------------------------
2025/04/07 21:13:10 [stderr] 67207: quickcomm: 当前在线人数/总人数(1018/204800)。
2025/04/07 21:13:10 [stderr] 67207: quickcomm: 连接池中空闲连接/总连接/要释放的连接(201282/204800/2499)。
2025/04/07 21:13:10 [stderr] 67207: quickcomm: 当前时间队列大小(1018)。
2025/04/07 21:13:10 [stderr] 67207: quickcomm: 当前收消息队列/发消息队列大小分别为(0/0)，丢弃的待发送数据包数量为0。
2025/04/07 21:13:10 [stderr] 67207: quickcomm: -------------------------------------end---------------------------------------
2025/04/07 21:13:21 [stderr] 67207: quickcomm: ------------------------------------begin--------------------------------------
2025/04/07 21:13:21 [stderr] 67207: quickcomm: 当前在线人数/总人数(1018/204800)。
2025/04/07 21:13:21 [stderr] 67207: quickcomm: 连接池中空闲连接/总连接/要释放的连接(201131/204800/2650)。
2025/04/07 21:13:21 [stderr] 67207: quickcomm: 当前时间队列大小(1018)。
2025/04/07 21:13:21 [stderr] 67207: quickcomm: 当前收消息队列/发消息队列大小分别为(0/0)，丢弃的待发送数据包数量为0。
2025/04/07 21:13:21 [stderr] 67207: quickcomm: -------------------------------------end---------------------------------------
2025/04/07 21:13:32 [stderr] 67207: quickcomm: ------------------------------------begin--------------------------------------
2025/04/07 21:13:32 [stderr] 67207: quickcomm: 当前在线人数/总人数(1018/204800)。
2025/04/07 21:13:32 [stderr] 67207: quickcomm: 连接池中空闲连接/总连接/要释放的连接(201068/204800/2713)。
2025/04/07 21:13:32 [stderr] 67207: quickcomm: 当前时间队列大小(1018)。
2025/04/07 21:13:32 [stderr] 67207: quickcomm: 当前收消息队列/发消息队列大小分别为(0/0)，丢弃的待发送数据包数量为0。
2025/04/07 21:13:32 [stderr] 67207: quickcomm: -------------------------------------end---------------------------------------
2025/04/07 21:13:43 [stderr] 67207: quickcomm: ------------------------------------begin--------------------------------------
2025/04/07 21:13:43 [stderr] 67207: quickcomm: 当前在线人数/总人数(1018/204800)。
2025/04/07 21:13:43 [stderr] 67207: quickcomm: 连接池中空闲连接/总连接/要释放的连接(201735/204800/2046)。
2025/04/07 21:13:43 [stderr] 67207: quickcomm: 当前时间队列大小(1018)。
2025/04/07 21:13:43 [stderr] 67207: quickcomm: 当前收消息队列/发消息队列大小分别为(0/0)，丢弃的待发送数据包数量为0。
2025/04/07 21:13:43 [stderr] 67207: quickcomm: -------------------------------------end---------------------------------------
